Generated at 2014-10-20 06:04:24 +0000
Chef::Exceptions::Package: package[ruby-mode] (ruby::default line 73) had an error: Chef::Exceptions::Package: No version specified, and no candidate version available for ruby-mode
/opt/chef/embedded/lib/ruby/gems/1.9.1/gems/chef-11.16.4/lib/chef/mixin/why_run.rb:241:in `run'
/opt/chef/embedded/lib/ruby/gems/1.9.1/gems/chef-11.16.4/lib/chef/mixin/why_run.rb:322:in `block in run'
/opt/chef/embedded/lib/ruby/gems/1.9.1/gems/chef-11.16.4/lib/chef/mixin/why_run.rb:321:in `each'
/opt/chef/embedded/lib/ruby/gems/1.9.1/gems/chef-11.16.4/lib/chef/mixin/why_run.rb:321:in `run'
/opt/chef/embedded/lib/ruby/gems/1.9.1/gems/chef-11.16.4/lib/chef/provider.rb:135:in `process_resource_requirements'
/opt/chef/embedded/lib/ruby/gems/1.9.1/gems/chef-11.16.4/lib/chef/provider.rb:111:in `run_action'
/opt/chef/embedded/lib/ruby/gems/1.9.1/gems/chef-11.16.4/lib/chef/resource.rb:648:in `run_action'
/opt/chef/embedded/lib/ruby/gems/1.9.1/gems/chef-11.16.4/lib/chef/runner.rb:49:in `run_action'
/opt/chef/embedded/lib/ruby/gems/1.9.1/gems/chef-11.16.4/lib/chef/runner.rb:81:in `block (2 levels) in converge'
/opt/chef/embedded/lib/ruby/gems/1.9.1/gems/chef-11.16.4/lib/chef/runner.rb:81:in `each'
/opt/chef/embedded/lib/ruby/gems/1.9.1/gems/chef-11.16.4/lib/chef/runner.rb:81:in `block in converge'
/opt/chef/embedded/lib/ruby/gems/1.9.1/gems/chef-11.16.4/lib/chef/resource_collection.rb:98:in `block in execute_each_resource'
/opt/chef/embedded/lib/ruby/gems/1.9.1/gems/chef-11.16.4/lib/chef/resource_collection/stepable_iterator.rb:116:in `call'
/opt/chef/embedded/lib/ruby/gems/1.9.1/gems/chef-11.16.4/lib/chef/resource_collection/stepable_iterator.rb:116:in `call_iterator_block'
/opt/chef/embedded/lib/ruby/gems/1.9.1/gems/chef-11.16.4/lib/chef/resource_collection/stepable_iterator.rb:85:in `step'
/opt/chef/embedded/lib/ruby/gems/1.9.1/gems/chef-11.16.4/lib/chef/resource_collection/stepable_iterator.rb:104:in `iterate'
/opt/chef/embedded/lib/ruby/gems/1.9.1/gems/chef-11.16.4/lib/chef/resource_collection/stepable_iterator.rb:55:in `each_with_index'
/opt/chef/embedded/lib/ruby/gems/1.9.1/gems/chef-11.16.4/lib/chef/resource_collection.rb:96:in `execute_each_resource'
/opt/chef/embedded/lib/ruby/gems/1.9.1/gems/chef-11.16.4/lib/chef/runner.rb:80:in `converge'
/opt/chef/embedded/lib/ruby/gems/1.9.1/gems/chef-11.16.4/lib/chef/client.rb:345:in `converge'
/opt/chef/embedded/lib/ruby/gems/1.9.1/gems/chef-11.16.4/lib/chef/client.rb:431:in `do_run'
/opt/chef/embedded/lib/ruby/gems/1.9.1/gems/chef-11.16.4/lib/chef/client.rb:213:in `block in run'
/opt/chef/embedded/lib/ruby/gems/1.9.1/gems/chef-11.16.4/lib/chef/client.rb:207:in `fork'
/opt/chef/embedded/lib/ruby/gems/1.9.1/gems/chef-11.16.4/lib/chef/client.rb:207:in `run'
/opt/chef/embedded/lib/ruby/gems/1.9.1/gems/chef-11.16.4/lib/chef/application.rb:236:in `run_chef_client'
/opt/chef/embedded/lib/ruby/gems/1.9.1/gems/chef-11.16.4/lib/chef/application/solo.rb:226:in `block in run_application'
/opt/chef/embedded/lib/ruby/gems/1.9.1/gems/chef-11.16.4/lib/chef/application/solo.rb:218:in `loop'
/opt/chef/embedded/lib/ruby/gems/1.9.1/gems/chef-11.16.4/lib/chef/application/solo.rb:218:in `run_application'
/opt/chef/embedded/lib/ruby/gems/1.9.1/gems/chef-11.16.4/lib/chef/application.rb:55:in `run'
/opt/chef/embedded/lib/ruby/gems/1.9.1/gems/chef-11.16.4/bin/chef-solo:25:in `<top (required)>'
/usr/bin/chef-solo:23:in `load'
/usr/bin/chef-solo:23:in `<main>'